Unable to capture context for thread 2656 in process 11432, can not generate back trace
Unable to capture context for thread 9492 in process 11432, can not generate back trace
Unable to capture context for thread 8328 in process 11432, can not generate back trace
Exception at PC 0x00007FFA5E94BB93
Printing stacktrace...

Unable to capture context for thread 8328 in process 11432, can not generate back trace
Exception at PC 0x00007FFAB755A388
Exception at PC 0x00007FFAB755A388
Exception at PC 0x00007FFAB755A388
Exception at PC 0x00007FFAB755A388
Exception at PC 0x00007FFAB755A388
Exception at PC 0x00007FFAB755A388
Exception at PC 0x00007FFAB755A388
Exception at PC 0x00007FFAB755A388
Exception at PC 0x00007FFAB755A388
Exception at PC 0x00007FFAB755A388
Exception at PC 0x00007FFAB755A388
Exception at PC 0x00007FFAB755A388
Exception at PC 0x00007FFAB755A388
Exception at PC 0x00007FFAB755A388
Exception at PC 0x00007FFAB755A388
[0]  [0x00007FFA5E94BB93]
[1]  [0x00007FFA5E94BB93]
[2]  [0x00007FFA5E94B4A1]
[3]  [0x00007FFA5E94B3EF]
[4]  [0x00007FFA5E9319FE]
[5]  [0x00007FFA5E930ED1]
[6]  [0x00007FFA5E930D76]
[7]  [0x00007FFA5E8D79F6]
[8]  [0x00007FFA5E8C7AFB]
[9]  [0x00007FFA5E9EE90A]
[10]  [0x00007FFA5EA09F87]
[11]  [0x00007FFA5EA0A05F]
[12] (BaseThreadInitThunk+0x14) [0x00007FFAB9314034]
[13] (RtlUserThreadStart+0x21) [0x00007FFABACB3691]
Done
Exception at PC 0x00007FFAB755A388
Exception at PC 0x00007FFAB755A388
Exception at PC 0x00007FFAB755A388
