

================================================================
== Vivado HLS Report for 'AES_Encrypt_ShiftRows'
================================================================
* Date:           Wed Nov 20 22:18:39 2019

* Version:        2016.2 (Build 1577090 on Thu Jun 02 16:59:10 MDT 2016)
* Project:        aes_full
* Solution:       full
* Product family: artix7
* Target device:  xc7a200tfbg676-2


================================================================
== Performance Estimates
================================================================
+ Timing (ns): 
    * Summary: 
    +--------+-------+----------+------------+
    |  Clock | Target| Estimated| Uncertainty|
    +--------+-------+----------+------------+
    |ap_clk  |   4.10|      2.39|        0.00|
    +--------+-------+----------+------------+

+ Latency (clock cycles): 
    * Summary: 
    +-----+-----+-----+-----+---------+
    |  Latency  |  Interval | Pipeline|
    | min | max | min | max |   Type  |
    +-----+-----+-----+-----+---------+
    |   58|   58|   58|   58|   none  |
    +-----+-----+-----+-----+---------+

    + Detail: 
        * Instance: 
        N/A

        * Loop: 
        +----------+-----+-----+----------+-----------+-----------+------+----------+
        |          |  Latency  | Iteration|  Initiation Interval  | Trip |          |
        | Loop Name| min | max |  Latency |  achieved |   target  | Count| Pipelined|
        +----------+-----+-----+----------+-----------+-----------+------+----------+
        |- Loop 1  |   48|   48|         3|          -|          -|    16|    no    |
        +----------+-----+-----+----------+-----------+-----------+------+----------+



================================================================
== Utilization Estimates
================================================================
* Summary: 
+-----------------+---------+-------+--------+--------+
|       Name      | BRAM_18K| DSP48E|   FF   |   LUT  |
+-----------------+---------+-------+--------+--------+
|DSP              |        -|      -|       -|       -|
|Expression       |        -|      -|       0|       8|
|FIFO             |        -|      -|       -|       -|
|Instance         |        -|      -|       -|       -|
|Memory           |        1|      -|       0|       0|
|Multiplexer      |        -|      -|       -|      43|
|Register         |        -|      -|      52|       -|
+-----------------+---------+-------+--------+--------+
|Total            |        1|      0|      52|      51|
+-----------------+---------+-------+--------+--------+
|Available        |      730|    740|  269200|  129000|
+-----------------+---------+-------+--------+--------+
|Utilization (%)  |    ~0   |      0|   ~0   |   ~0   |
+-----------------+---------+-------+--------+--------+

+ Detail: 
    * Instance: 
    N/A

    * DSP48: 
    N/A

    * Memory: 
    +-------------+---------------------------------+---------+---+----+------+-----+------+-------------+
    |    Memory   |              Module             | BRAM_18K| FF| LUT| Words| Bits| Banks| W*Bits*Banks|
    +-------------+---------------------------------+---------+---+----+------+-----+------+-------------+
    |tmp_state_U  |AES_Encrypt_ShiftRows_tmp_state  |        1|  0|   0|    16|    8|     1|          128|
    +-------------+---------------------------------+---------+---+----+------+-----+------+-------------+
    |Total        |                                 |        1|  0|   0|    16|    8|     1|          128|
    +-------------+---------------------------------+---------+---+----+------+-----+------+-------------+

    * FIFO: 
    N/A

    * Expression: 
    +--------------------+----------+-------+---+----+------------+------------+
    |    Variable Name   | Operation| DSP48E| FF| LUT| Bitwidth P0| Bitwidth P1|
    +--------------------+----------+-------+---+----+------------+------------+
    |i_1_fu_376_p2       |     +    |      0|  0|   5|           5|           1|
    |exitcond_fu_370_p2  |   icmp   |      0|  0|   3|           5|           6|
    +--------------------+----------+-------+---+----+------------+------------+
    |Total               |          |      0|  0|   8|          10|           7|
    +--------------------+----------+-------+---+----+------------+------------+

    * Multiplexer: 
    +--------------------+----+-----------+-----+-----------+
    |        Name        | LUT| Input Size| Bits| Total Bits|
    +--------------------+----+-----------+-----+-----------+
    |ap_NS_fsm           |   6|         14|    1|         14|
    |i_reg_349           |   5|          2|    5|         10|
    |state_address0      |   8|         10|    4|         40|
    |state_address1      |   8|          9|    4|         36|
    |tmp_state_address0  |   8|         10|    4|         40|
    |tmp_state_address1  |   8|          9|    4|         36|
    +--------------------+----+-----------+-----+-----------+
    |Total               |  43|         54|   22|        176|
    +--------------------+----+-----------+-----+-----------+

    * Register: 
    +------------------------+----+----+-----+-----------+
    |          Name          | FF | LUT| Bits| Const Bits|
    +------------------------+----+----+-----+-----------+
    |ap_CS_fsm               |  13|   0|   13|          0|
    |i_1_reg_470             |   5|   0|    5|          0|
    |i_reg_349               |   5|   0|    5|          0|
    |reg_360                 |   8|   0|    8|          0|
    |reg_365                 |   8|   0|    8|          0|
    |tmp_reg_475             |   5|   0|   64|         59|
    |tmp_state_load_reg_485  |   8|   0|    8|          0|
    +------------------------+----+----+-----+-----------+
    |Total                   |  52|   0|  111|         59|
    +------------------------+----+----+-----+-----------+



================================================================
== Interface
================================================================
* Summary: 
+----------------+-----+-----+------------+-----------------------+--------------+
|    RTL Ports   | Dir | Bits|  Protocol  |     Source Object     |    C Type    |
+----------------+-----+-----+------------+-----------------------+--------------+
|ap_clk          |  in |    1| ap_ctrl_hs | AES_Encrypt_ShiftRows | return value |
|ap_rst          |  in |    1| ap_ctrl_hs | AES_Encrypt_ShiftRows | return value |
|ap_start        |  in |    1| ap_ctrl_hs | AES_Encrypt_ShiftRows | return value |
|ap_done         | out |    1| ap_ctrl_hs | AES_Encrypt_ShiftRows | return value |
|ap_idle         | out |    1| ap_ctrl_hs | AES_Encrypt_ShiftRows | return value |
|ap_ready        | out |    1| ap_ctrl_hs | AES_Encrypt_ShiftRows | return value |
|state_address0  | out |    4|  ap_memory |         state         |     array    |
|state_ce0       | out |    1|  ap_memory |         state         |     array    |
|state_we0       | out |    1|  ap_memory |         state         |     array    |
|state_d0        | out |    8|  ap_memory |         state         |     array    |
|state_q0        |  in |    8|  ap_memory |         state         |     array    |
|state_address1  | out |    4|  ap_memory |         state         |     array    |
|state_ce1       | out |    1|  ap_memory |         state         |     array    |
|state_q1        |  in |    8|  ap_memory |         state         |     array    |
+----------------+-----+-----+------------+-----------------------+--------------+

============================================================
+ Verbose Summary: Synthesis Manager
============================================================
InlineROM: 1
ExposeGlobal: 0
============================================================
+ Verbose Summary: CDFG Model
============================================================
IsTopModel: 0
ResetActiveHigh: 1
IsCombinational: 2
IsDatapathOnly: 2
HasWiredReturn: 1
HasMFsm: 0
HasVarLatency: 1
IsPipeline: 0
IsRtlPipelined: 0
IsInstanceOverlapped: 0
IsDontTouch: 0
HasImplIP: 0
IsGatedGlobalClock: 0


============================================================
+ Verbose Summary: Schedule
============================================================
* Number of FSM states: 13
* Pipeline: 0
* Dataflow Pipeline: 0

* FSM state transitions: 
1 --> 
	2  / true
2 --> 
	3  / true
3 --> 
	4  / true
4 --> 
	5  / true
5 --> 
	6  / true
6 --> 
	7  / true
7 --> 
	8  / true
8 --> 
	9  / true
9 --> 
	10  / true
10 --> 
	11  / true
11 --> 
	12  / (!exitcond)
12 --> 
	13  / true
13 --> 
	11  / true
* FSM state operations: 

 <State 1>: 2.39ns
ST_1: state_addr [1/1] 0.00ns
:0  %state_addr = getelementptr [16 x i8]* %state, i64 0, i64 0

ST_1: tmp_state [1/1] 2.39ns
:1  %tmp_state = alloca [16 x i8], align 16

ST_1: state_load [2/2] 2.39ns
:2  %state_load = load i8* %state_addr, align 1

ST_1: state_addr_1 [1/1] 0.00ns
:5  %state_addr_1 = getelementptr [16 x i8]* %state, i64 0, i64 5

ST_1: state_load_1 [2/2] 2.39ns
:6  %state_load_1 = load i8* %state_addr_1, align 1


 <State 2>: 2.39ns
ST_2: state_load [1/2] 2.39ns
:2  %state_load = load i8* %state_addr, align 1

ST_2: state_load_1 [1/2] 2.39ns
:6  %state_load_1 = load i8* %state_addr_1, align 1

ST_2: state_addr_2 [1/1] 0.00ns
:9  %state_addr_2 = getelementptr [16 x i8]* %state, i64 0, i64 10

ST_2: state_load_2 [2/2] 2.39ns
:10  %state_load_2 = load i8* %state_addr_2, align 1

ST_2: state_addr_3 [1/1] 0.00ns
:13  %state_addr_3 = getelementptr [16 x i8]* %state, i64 0, i64 15

ST_2: state_load_3 [2/2] 2.39ns
:14  %state_load_3 = load i8* %state_addr_3, align 1


 <State 3>: 2.39ns
ST_3: tmp_state_addr [1/1] 0.00ns
:3  %tmp_state_addr = getelementptr inbounds [16 x i8]* %tmp_state, i64 0, i64 0

ST_3: stg_26 [1/1] 2.39ns
:4  store i8 %state_load, i8* %tmp_state_addr, align 16

ST_3: tmp_state_addr_1 [1/1] 0.00ns
:7  %tmp_state_addr_1 = getelementptr inbounds [16 x i8]* %tmp_state, i64 0, i64 1

ST_3: stg_28 [1/1] 2.39ns
:8  store i8 %state_load_1, i8* %tmp_state_addr_1, align 1

ST_3: state_load_2 [1/2] 2.39ns
:10  %state_load_2 = load i8* %state_addr_2, align 1

ST_3: state_load_3 [1/2] 2.39ns
:14  %state_load_3 = load i8* %state_addr_3, align 1

ST_3: state_addr_4 [1/1] 0.00ns
:17  %state_addr_4 = getelementptr [16 x i8]* %state, i64 0, i64 4

ST_3: state_load_4 [2/2] 2.39ns
:18  %state_load_4 = load i8* %state_addr_4, align 1

ST_3: state_addr_5 [1/1] 0.00ns
:21  %state_addr_5 = getelementptr [16 x i8]* %state, i64 0, i64 9

ST_3: state_load_5 [2/2] 2.39ns
:22  %state_load_5 = load i8* %state_addr_5, align 1


 <State 4>: 2.39ns
ST_4: tmp_state_addr_2 [1/1] 0.00ns
:11  %tmp_state_addr_2 = getelementptr inbounds [16 x i8]* %tmp_state, i64 0, i64 2

ST_4: stg_36 [1/1] 2.39ns
:12  store i8 %state_load_2, i8* %tmp_state_addr_2, align 2

ST_4: tmp_state_addr_3 [1/1] 0.00ns
:15  %tmp_state_addr_3 = getelementptr inbounds [16 x i8]* %tmp_state, i64 0, i64 3

ST_4: stg_38 [1/1] 2.39ns
:16  store i8 %state_load_3, i8* %tmp_state_addr_3, align 1

ST_4: state_load_4 [1/2] 2.39ns
:18  %state_load_4 = load i8* %state_addr_4, align 1

ST_4: state_load_5 [1/2] 2.39ns
:22  %state_load_5 = load i8* %state_addr_5, align 1

ST_4: state_addr_6 [1/1] 0.00ns
:25  %state_addr_6 = getelementptr [16 x i8]* %state, i64 0, i64 14

ST_4: state_load_6 [2/2] 2.39ns
:26  %state_load_6 = load i8* %state_addr_6, align 1

ST_4: state_addr_7 [1/1] 0.00ns
:29  %state_addr_7 = getelementptr [16 x i8]* %state, i64 0, i64 3

ST_4: state_load_7 [2/2] 2.39ns
:30  %state_load_7 = load i8* %state_addr_7, align 1


 <State 5>: 2.39ns
ST_5: tmp_state_addr_4 [1/1] 0.00ns
:19  %tmp_state_addr_4 = getelementptr inbounds [16 x i8]* %tmp_state, i64 0, i64 4

ST_5: stg_46 [1/1] 2.39ns
:20  store i8 %state_load_4, i8* %tmp_state_addr_4, align 4

ST_5: tmp_state_addr_5 [1/1] 0.00ns
:23  %tmp_state_addr_5 = getelementptr inbounds [16 x i8]* %tmp_state, i64 0, i64 5

ST_5: stg_48 [1/1] 2.39ns
:24  store i8 %state_load_5, i8* %tmp_state_addr_5, align 1

ST_5: state_load_6 [1/2] 2.39ns
:26  %state_load_6 = load i8* %state_addr_6, align 1

ST_5: state_load_7 [1/2] 2.39ns
:30  %state_load_7 = load i8* %state_addr_7, align 1

ST_5: state_addr_8 [1/1] 0.00ns
:33  %state_addr_8 = getelementptr [16 x i8]* %state, i64 0, i64 8

ST_5: state_load_8 [2/2] 2.39ns
:34  %state_load_8 = load i8* %state_addr_8, align 1

ST_5: state_addr_9 [1/1] 0.00ns
:37  %state_addr_9 = getelementptr [16 x i8]* %state, i64 0, i64 13

ST_5: state_load_9 [2/2] 2.39ns
:38  %state_load_9 = load i8* %state_addr_9, align 1


 <State 6>: 2.39ns
ST_6: tmp_state_addr_6 [1/1] 0.00ns
:27  %tmp_state_addr_6 = getelementptr inbounds [16 x i8]* %tmp_state, i64 0, i64 6

ST_6: stg_56 [1/1] 2.39ns
:28  store i8 %state_load_6, i8* %tmp_state_addr_6, align 2

ST_6: tmp_state_addr_7 [1/1] 0.00ns
:31  %tmp_state_addr_7 = getelementptr inbounds [16 x i8]* %tmp_state, i64 0, i64 7

ST_6: stg_58 [1/1] 2.39ns
:32  store i8 %state_load_7, i8* %tmp_state_addr_7, align 1

ST_6: state_load_8 [1/2] 2.39ns
:34  %state_load_8 = load i8* %state_addr_8, align 1

ST_6: state_load_9 [1/2] 2.39ns
:38  %state_load_9 = load i8* %state_addr_9, align 1

ST_6: state_addr_10 [1/1] 0.00ns
:41  %state_addr_10 = getelementptr [16 x i8]* %state, i64 0, i64 2

ST_6: state_load_10 [2/2] 2.39ns
:42  %state_load_10 = load i8* %state_addr_10, align 1

ST_6: state_addr_11 [1/1] 0.00ns
:45  %state_addr_11 = getelementptr [16 x i8]* %state, i64 0, i64 7

ST_6: state_load_11 [2/2] 2.39ns
:46  %state_load_11 = load i8* %state_addr_11, align 1


 <State 7>: 2.39ns
ST_7: tmp_state_addr_8 [1/1] 0.00ns
:35  %tmp_state_addr_8 = getelementptr inbounds [16 x i8]* %tmp_state, i64 0, i64 8

ST_7: stg_66 [1/1] 2.39ns
:36  store i8 %state_load_8, i8* %tmp_state_addr_8, align 8

ST_7: tmp_state_addr_9 [1/1] 0.00ns
:39  %tmp_state_addr_9 = getelementptr inbounds [16 x i8]* %tmp_state, i64 0, i64 9

ST_7: stg_68 [1/1] 2.39ns
:40  store i8 %state_load_9, i8* %tmp_state_addr_9, align 1

ST_7: state_load_10 [1/2] 2.39ns
:42  %state_load_10 = load i8* %state_addr_10, align 1

ST_7: state_load_11 [1/2] 2.39ns
:46  %state_load_11 = load i8* %state_addr_11, align 1

ST_7: state_addr_12 [1/1] 0.00ns
:49  %state_addr_12 = getelementptr [16 x i8]* %state, i64 0, i64 12

ST_7: state_load_12 [2/2] 2.39ns
:50  %state_load_12 = load i8* %state_addr_12, align 1

ST_7: state_addr_13 [1/1] 0.00ns
:53  %state_addr_13 = getelementptr [16 x i8]* %state, i64 0, i64 1

ST_7: state_load_13 [2/2] 2.39ns
:54  %state_load_13 = load i8* %state_addr_13, align 1


 <State 8>: 2.39ns
ST_8: tmp_state_addr_10 [1/1] 0.00ns
:43  %tmp_state_addr_10 = getelementptr inbounds [16 x i8]* %tmp_state, i64 0, i64 10

ST_8: stg_76 [1/1] 2.39ns
:44  store i8 %state_load_10, i8* %tmp_state_addr_10, align 2

ST_8: tmp_state_addr_11 [1/1] 0.00ns
:47  %tmp_state_addr_11 = getelementptr inbounds [16 x i8]* %tmp_state, i64 0, i64 11

ST_8: stg_78 [1/1] 2.39ns
:48  store i8 %state_load_11, i8* %tmp_state_addr_11, align 1

ST_8: state_load_12 [1/2] 2.39ns
:50  %state_load_12 = load i8* %state_addr_12, align 1

ST_8: state_load_13 [1/2] 2.39ns
:54  %state_load_13 = load i8* %state_addr_13, align 1

ST_8: state_addr_14 [1/1] 0.00ns
:57  %state_addr_14 = getelementptr [16 x i8]* %state, i64 0, i64 6

ST_8: state_load_14 [2/2] 2.39ns
:58  %state_load_14 = load i8* %state_addr_14, align 1

ST_8: state_addr_15 [1/1] 0.00ns
:61  %state_addr_15 = getelementptr [16 x i8]* %state, i64 0, i64 11

ST_8: state_load_15 [2/2] 2.39ns
:62  %state_load_15 = load i8* %state_addr_15, align 1


 <State 9>: 2.39ns
ST_9: tmp_state_addr_12 [1/1] 0.00ns
:51  %tmp_state_addr_12 = getelementptr inbounds [16 x i8]* %tmp_state, i64 0, i64 12

ST_9: stg_86 [1/1] 2.39ns
:52  store i8 %state_load_12, i8* %tmp_state_addr_12, align 4

ST_9: tmp_state_addr_13 [1/1] 0.00ns
:55  %tmp_state_addr_13 = getelementptr inbounds [16 x i8]* %tmp_state, i64 0, i64 13

ST_9: stg_88 [1/1] 2.39ns
:56  store i8 %state_load_13, i8* %tmp_state_addr_13, align 1

ST_9: state_load_14 [1/2] 2.39ns
:58  %state_load_14 = load i8* %state_addr_14, align 1

ST_9: state_load_15 [1/2] 2.39ns
:62  %state_load_15 = load i8* %state_addr_15, align 1


 <State 10>: 2.39ns
ST_10: tmp_state_addr_14 [1/1] 0.00ns
:59  %tmp_state_addr_14 = getelementptr inbounds [16 x i8]* %tmp_state, i64 0, i64 14

ST_10: stg_92 [1/1] 2.39ns
:60  store i8 %state_load_14, i8* %tmp_state_addr_14, align 2

ST_10: tmp_state_addr_15 [1/1] 0.00ns
:63  %tmp_state_addr_15 = getelementptr inbounds [16 x i8]* %tmp_state, i64 0, i64 15

ST_10: stg_94 [1/1] 2.39ns
:64  store i8 %state_load_15, i8* %tmp_state_addr_15, align 1

ST_10: stg_95 [1/1] 1.31ns
:65  br label %1


 <State 11>: 2.39ns
ST_11: i [1/1] 0.00ns
:0  %i = phi i5 [ 0, %0 ], [ %i_1, %2 ]

ST_11: exitcond [1/1] 1.84ns
:1  %exitcond = icmp eq i5 %i, -16

ST_11: empty [1/1] 0.00ns
:2  %empty = call i32 (...)* @_ssdm_op_SpecLoopTripCount(i64 16, i64 16, i64 16)

ST_11: i_1 [1/1] 1.50ns
:3  %i_1 = add i5 %i, 1

ST_11: stg_100 [1/1] 0.00ns
:4  br i1 %exitcond, label %3, label %2

ST_11: tmp [1/1] 0.00ns
:0  %tmp = zext i5 %i to i64

ST_11: tmp_state_addr_16 [1/1] 0.00ns
:1  %tmp_state_addr_16 = getelementptr inbounds [16 x i8]* %tmp_state, i64 0, i64 %tmp

ST_11: tmp_state_load [2/2] 2.39ns
:2  %tmp_state_load = load i8* %tmp_state_addr_16, align 1

ST_11: stg_104 [1/1] 0.00ns
:0  ret void


 <State 12>: 2.39ns
ST_12: tmp_state_load [1/2] 2.39ns
:2  %tmp_state_load = load i8* %tmp_state_addr_16, align 1


 <State 13>: 2.39ns
ST_13: state_addr_16 [1/1] 0.00ns
:3  %state_addr_16 = getelementptr [16 x i8]* %state, i64 0, i64 %tmp

ST_13: stg_107 [1/1] 2.39ns
:4  store i8 %tmp_state_load, i8* %state_addr_16, align 1

ST_13: stg_108 [1/1] 0.00ns
:5  br label %1



============================================================
+ Verbose Summary: Binding
============================================================
STG Binding: 
---------------- STG Properties BEGIN ----------------
- Is combinational: 0
- Is one-state seq: 0
- Is datapath-only: 0
- Is clock enabled: 0
- Is pipelined: 0
- Is top level: 0
Port [ Return ] is wired: 1; IO mode=ap_ctrl_hs:ce=0
Port [ state]:  wired=1; compound=1; hidden=0; nouse=0; global=0; static=0; extern=0; dir=2; type=1; pingpong=0; private_global=0; MemPort=[21]; IO mode=ap_memory:ce=0
---------------- STG Properties END ------------------

---------------- Datapath Model BEGIN ----------------

<LifeTime>
<method=bitvector/>
state_addr        (getelementptr    ) [ 00100000000000]
tmp_state         (alloca           ) [ 00111111111111]
state_addr_1      (getelementptr    ) [ 00100000000000]
state_load        (load             ) [ 00010000000000]
state_load_1      (load             ) [ 00010000000000]
state_addr_2      (getelementptr    ) [ 00010000000000]
state_addr_3      (getelementptr    ) [ 00010000000000]
tmp_state_addr    (getelementptr    ) [ 00000000000000]
stg_26            (store            ) [ 00000000000000]
tmp_state_addr_1  (getelementptr    ) [ 00000000000000]
stg_28            (store            ) [ 00000000000000]
state_load_2      (load             ) [ 00001000000000]
state_load_3      (load             ) [ 00001000000000]
state_addr_4      (getelementptr    ) [ 00001000000000]
state_addr_5      (getelementptr    ) [ 00001000000000]
tmp_state_addr_2  (getelementptr    ) [ 00000000000000]
stg_36            (store            ) [ 00000000000000]
tmp_state_addr_3  (getelementptr    ) [ 00000000000000]
stg_38            (store            ) [ 00000000000000]
state_load_4      (load             ) [ 00000100000000]
state_load_5      (load             ) [ 00000100000000]
state_addr_6      (getelementptr    ) [ 00000100000000]
state_addr_7      (getelementptr    ) [ 00000100000000]
tmp_state_addr_4  (getelementptr    ) [ 00000000000000]
stg_46            (store            ) [ 00000000000000]
tmp_state_addr_5  (getelementptr    ) [ 00000000000000]
stg_48            (store            ) [ 00000000000000]
state_load_6      (load             ) [ 00000010000000]
state_load_7      (load             ) [ 00000010000000]
state_addr_8      (getelementptr    ) [ 00000010000000]
state_addr_9      (getelementptr    ) [ 00000010000000]
tmp_state_addr_6  (getelementptr    ) [ 00000000000000]
stg_56            (store            ) [ 00000000000000]
tmp_state_addr_7  (getelementptr    ) [ 00000000000000]
stg_58            (store            ) [ 00000000000000]
state_load_8      (load             ) [ 00000001000000]
state_load_9      (load             ) [ 00000001000000]
state_addr_10     (getelementptr    ) [ 00000001000000]
state_addr_11     (getelementptr    ) [ 00000001000000]
tmp_state_addr_8  (getelementptr    ) [ 00000000000000]
stg_66            (store            ) [ 00000000000000]
tmp_state_addr_9  (getelementptr    ) [ 00000000000000]
stg_68            (store            ) [ 00000000000000]
state_load_10     (load             ) [ 00000000100000]
state_load_11     (load             ) [ 00000000100000]
state_addr_12     (getelementptr    ) [ 00000000100000]
state_addr_13     (getelementptr    ) [ 00000000100000]
tmp_state_addr_10 (getelementptr    ) [ 00000000000000]
stg_76            (store            ) [ 00000000000000]
tmp_state_addr_11 (getelementptr    ) [ 00000000000000]
stg_78            (store            ) [ 00000000000000]
state_load_12     (load             ) [ 00000000010000]
state_load_13     (load             ) [ 00000000010000]
state_addr_14     (getelementptr    ) [ 00000000010000]
state_addr_15     (getelementptr    ) [ 00000000010000]
tmp_state_addr_12 (getelementptr    ) [ 00000000000000]
stg_86            (store            ) [ 00000000000000]
tmp_state_addr_13 (getelementptr    ) [ 00000000000000]
stg_88            (store            ) [ 00000000000000]
state_load_14     (load             ) [ 00000000001000]
state_load_15     (load             ) [ 00000000001000]
tmp_state_addr_14 (getelementptr    ) [ 00000000000000]
stg_92            (store            ) [ 00000000000000]
tmp_state_addr_15 (getelementptr    ) [ 00000000000000]
stg_94            (store            ) [ 00000000000000]
stg_95            (br               ) [ 00000000001111]
i                 (phi              ) [ 00000000000100]
exitcond          (icmp             ) [ 00000000000111]
empty             (speclooptripcount) [ 00000000000000]
i_1               (add              ) [ 00000000001111]
stg_100           (br               ) [ 00000000000000]
tmp               (zext             ) [ 00000000000011]
tmp_state_addr_16 (getelementptr    ) [ 00000000000010]
stg_104           (ret              ) [ 00000000000000]
tmp_state_load    (load             ) [ 00000000000001]
state_addr_16     (getelementptr    ) [ 00000000000000]
stg_107           (store            ) [ 00000000000000]
stg_108           (br               ) [ 00000000001111]
</LifeTime>

<model>

<comp_list>
<comp id="0" class="1000" name="state">
<pin_list>
<pin id="1" dir="1" index="0" bw="1" slack="0"/>
</pin_list>
<bind>
<StgValue><ssdm name="state"/><MemPortTyVec>2 1 </MemPortTyVec>
</StgValue>
</bind>
</comp>

<comp id="2" class="1001" name="const_2">
<pin_list>
<pin id="3" dir="1" index="0" bw="1" slack="0"/>
</pin_list>
<bind>
<StgValue><ssdm name=""/></StgValue>
</bind>
</comp>

<comp id="4" class="1001" name="const_4">
<pin_list>
<pin id="5" dir="1" index="0" bw="1" slack="0"/>
</pin_list>
<bind>
<StgValue><ssdm name=""/></StgValue>
</bind>
</comp>

<comp id="6" class="1001" name="const_6">
<pin_list>
<pin id="7" dir="1" index="0" bw="1" slack="0"/>
</pin_list>
<bind>
<StgValue><ssdm name=""/></StgValue>
</bind>
</comp>

<comp id="8" class="1001" name="const_8">
<pin_list>
<pin id="9" dir="1" index="0" bw="1" slack="0"/>
</pin_list>
<bind>
<StgValue><ssdm name=""/></StgValue>
</bind>
</comp>

<comp id="10" class="1001" name="const_10">
<pin_list>
<pin id="11" dir="1" index="0" bw="1" slack="0"/>
</pin_list>
<bind>
<StgValue><ssdm name=""/></StgValue>
</bind>
</comp>

<comp id="12" class="1001" name="const_12">
<pin_list>
<pin id="13" dir="1" index="0" bw="1" slack="0"/>
</pin_list>
<bind>
<StgValue><ssdm name=""/></StgValue>
</bind>
</comp>

<comp id="14" class="1001" name="const_14">
<pin_list>
<pin id="15" dir="1" index="0" bw="1" slack="0"/>
</pin_list>
<bind>
<StgValue><ssdm name=""/></StgValue>
</bind>
</comp>

<comp id="16" class="1001" name="const_16">
<pin_list>
<pin id="17" dir="1" index="0" bw="1" slack="0"/>
</pin_list>
<bind>
<StgValue><ssdm name=""/></StgValue>
</bind>
</comp>

<comp id="18" class="1001" name="const_18">
<pin_list>
<pin id="19" dir="1" index="0" bw="1" slack="0"/>
</pin_list>
<bind>
<StgValue><ssdm name=""/></StgValue>
</bind>
</comp>

<comp id="20" class="1001" name="const_20">
<pin_list>
<pin id="21" dir="1" index="0" bw="1" slack="0"/>
</pin_list>
<bind>
<StgValue><ssdm name=""/></StgValue>
</bind>
</comp>

<comp id="22" class="1001" name="const_22">
<pin_list>
<pin id="23" dir="1" index="0" bw="1" slack="0"/>
</pin_list>
<bind>
<StgValue><ssdm name=""/></StgValue>
</bind>
</comp>

<comp id="24" class="1001" name="const_24">
<pin_list>
<pin id="25" dir="1" index="0" bw="1" slack="0"/>
</pin_list>
<bind>
<StgValue><ssdm name=""/></StgValue>
</bind>
</comp>

<comp id="26" class="1001" name="const_26">
<pin_list>
<pin id="27" dir="1" index="0" bw="1" slack="0"/>
</pin_list>
<bind>
<StgValue><ssdm name=""/></StgValue>
</bind>
</comp>

<comp id="28" class="1001" name="const_28">
<pin_list>
<pin id="29" dir="1" index="0" bw="1" slack="0"/>
</pin_list>
<bind>
<StgValue><ssdm name=""/></StgValue>
</bind>
</comp>

<comp id="30" class="1001" name="const_30">
<pin_list>
<pin id="31" dir="1" index="0" bw="1" slack="0"/>
</pin_list>
<bind>
<StgValue><ssdm name=""/></StgValue>
</bind>
</comp>

<comp id="32" class="1001" name="const_32">
<pin_list>
<pin id="33" dir="1" index="0" bw="1" slack="0"/>
</pin_list>
<bind>
<StgValue><ssdm name=""/></StgValue>
</bind>
</comp>

<comp id="34" class="1001" name="const_34">
<pin_list>
<pin id="35" dir="1" index="0" bw="1" slack="1"/>
</pin_list>
<bind>
<StgValue><ssdm name=""/></StgValue>
</bind>
</comp>

<comp id="36" class="1001" name="const_36">
<pin_list>
<pin id="37" dir="1" index="0" bw="1" slack="0"/>
</pin_list>
<bind>
<StgValue><ssdm name=""/></StgValue>
</bind>
</comp>

<comp id="38" class="1001" name="const_38">
<pin_list>
<pin id="39" dir="1" index="0" bw="1" slack="2147483647"/>
</pin_list>
<bind>
<StgValue><ssdm name="_ssdm_op_SpecLoopTripCount"/></StgValue>
</bind>
</comp>

<comp id="40" class="1001" name="const_40">
<pin_list>
<pin id="41" dir="1" index="0" bw="1" slack="2147483647"/>
</pin_list>
<bind>
<StgValue><ssdm name=""/></StgValue>
</bind>
</comp>

<comp id="42" class="1001" name="const_42">
<pin_list>
<pin id="43" dir="1" index="0" bw="1" slack="0"/>
</pin_list>
<bind>
<StgValue><ssdm name=""/></StgValue>
</bind>
</comp>

<comp id="44" class="1004" name="tmp_state_alloca_fu_44">
<pin_list>
<pin id="45" dir="0" index="0" bw="1" slack="0"/>
<pin id="46" dir="1" index="1" bw="8" slack="2147483647"/>
</pin_list>
<bind>
<opcode="alloca(26) " fcode="alloca"/>
<opset="tmp_state/1 "/>
</bind>
</comp>

<comp id="48" class="1004" name="state_addr_gep_fu_48">
<pin_list>
<pin id="49" dir="0" index="0" bw="8" slack="0"/>
<pin id="50" dir="0" index="1" bw="1" slack="0"/>
<pin id="51" dir="0" index="2" bw="1" slack="0"/>
<pin id="52" dir="1" index="3" bw="4" slack="0"/>
</pin_list>
<bind>
<opcode="getelementptr(29) " fcode="getelementptr"/>
<opset="state_addr/1 "/>
</bind>
</comp>

<comp id="56" class="1004" name="grp_access_fu_56">
<pin_list>
<pin id="57" dir="0" index="0" bw="4" slack="0"/>
<pin id="58" dir="0" index="1" bw="8" slack="1"/>
<pin id="69" dir="0" index="3" bw="4" slack="0"/>
<pin id="70" dir="0" index="4" bw="8" slack="2147483647"/>
<pin id="59" dir="1" index="2" bw="8" slack="1"/>
<pin id="71" dir="1" index="5" bw="8" slack="1"/>
</pin_list>
<bind>
<opcode="load(27) store(28) " fcode="store"/>
<opset="state_load/1 state_load_1/1 state_load_2/2 state_load_3/2 state_load_4/3 state_load_5/3 state_load_6/4 state_load_7/4 state_load_8/5 state_load_9/5 state_load_10/6 state_load_11/6 state_load_12/7 state_load_13/7 state_load_14/8 state_load_15/8 stg_107/13 "/>
</bind>
</comp>

<comp id="61" class="1004" name="state_addr_1_gep_fu_61">
<pin_list>
<pin id="62" dir="0" index="0" bw="8" slack="0"/>
<pin id="63" dir="0" index="1" bw="1" slack="0"/>
<pin id="64" dir="0" index="2" bw="4" slack="0"/>
<pin id="65" dir="1" index="3" bw="4" slack="0"/>
</pin_list>
<bind>
<opcode="getelementptr(29) " fcode="getelementptr"/>
<opset="state_addr_1/1 "/>
</bind>
</comp>

<comp id="73" class="1004" name="state_addr_2_gep_fu_73">
<pin_list>
<pin id="74" dir="0" index="0" bw="8" slack="0"/>
<pin id="75" dir="0" index="1" bw="1" slack="0"/>
<pin id="76" dir="0" index="2" bw="5" slack="0"/>
<pin id="77" dir="1" index="3" bw="4" slack="0"/>
</pin_list>
<bind>
<opcode="getelementptr(29) " fcode="getelementptr"/>
<opset="state_addr_2/2 "/>
</bind>
</comp>

<comp id="82" class="1004" name="state_addr_3_gep_fu_82">
<pin_list>
<pin id="83" dir="0" index="0" bw="8" slack="0"/>
<pin id="84" dir="0" index="1" bw="1" slack="0"/>
<pin id="85" dir="0" index="2" bw="5" slack="0"/>
<pin id="86" dir="1" index="3" bw="4" slack="0"/>
</pin_list>
<bind>
<opcode="getelementptr(29) " fcode="getelementptr"/>
<opset="state_addr_3/2 "/>
</bind>
</comp>

<comp id="91" class="1004" name="tmp_state_addr_gep_fu_91">
<pin_list>
<pin id="92" dir="0" index="0" bw="8" slack="2147483647"/>
<pin id="93" dir="0" index="1" bw="1" slack="0"/>
<pin id="94" dir="0" index="2" bw="1" slack="0"/>
<pin id="95" dir="1" index="3" bw="4" slack="0"/>
</pin_list>
<bind>
<opcode="getelementptr(29) " fcode="getelementptr"/>
<opset="tmp_state_addr/3 "/>
</bind>
</comp>

<comp id="98" class="1004" name="grp_access_fu_98">
<pin_list>
<pin id="99" dir="0" index="0" bw="4" slack="0"/>
<pin id="100" dir="0" index="1" bw="8" slack="1"/>
<pin id="110" dir="0" index="3" bw="4" slack="0"/>
<pin id="111" dir="0" index="4" bw="8" slack="1"/>
<pin id="101" dir="1" index="2" bw="8" slack="1"/>
<pin id="112" dir="1" index="5" bw="8" slack="2147483647"/>
</pin_list>
<bind>
<opcode="load(27) store(28) " fcode="load"/>
<opset="stg_26/3 stg_28/3 stg_36/4 stg_38/4 stg_46/5 stg_48/5 stg_56/6 stg_58/6 stg_66/7 stg_68/7 stg_76/8 stg_78/8 stg_86/9 stg_88/9 stg_92/10 stg_94/10 tmp_state_load/11 "/>
</bind>
</comp>

<comp id="103" class="1004" name="tmp_state_addr_1_gep_fu_103">
<pin_list>
<pin id="104" dir="0" index="0" bw="8" slack="2147483647"/>
<pin id="105" dir="0" index="1" bw="1" slack="0"/>
<pin id="106" dir="0" index="2" bw="1" slack="0"/>
<pin id="107" dir="1" index="3" bw="4" slack="0"/>
</pin_list>
<bind>
<opcode="getelementptr(29) " fcode="getelementptr"/>
<opset="tmp_state_addr_1/3 "/>
</bind>
</comp>

<comp id="114" class="1004" name="state_addr_4_gep_fu_114">
<pin_list>
<pin id="115" dir="0" index="0" bw="8" slack="0"/>
<pin id="116" dir="0" index="1" bw="1" slack="0"/>
<pin id="117" dir="0" index="2" bw="4" slack="0"/>
<pin id="118" dir="1" index="3" bw="4" slack="0"/>
</pin_list>
<bind>
<opcode="getelementptr(29) " fcode="getelementptr"/>
<opset="state_addr_4/3 "/>
</bind>
</comp>

<comp id="123" class="1004" name="state_addr_5_gep_fu_123">
<pin_list>
<pin id="124" dir="0" index="0" bw="8" slack="0"/>
<pin id="125" dir="0" index="1" bw="1" slack="0"/>
<pin id="126" dir="0" index="2" bw="5" slack="0"/>
<pin id="127" dir="1" index="3" bw="4" slack="0"/>
</pin_list>
<bind>
<opcode="getelementptr(29) " fcode="getelementptr"/>
<opset="state_addr_5/3 "/>
</bind>
</comp>

<comp id="132" class="1004" name="tmp_state_addr_2_gep_fu_132">
<pin_list>
<pin id="133" dir="0" index="0" bw="8" slack="2147483647"/>
<pin id="134" dir="0" index="1" bw="1" slack="0"/>
<pin id="135" dir="0" index="2" bw="3" slack="0"/>
<pin id="136" dir="1" index="3" bw="4" slack="0"/>
</pin_list>
<bind>
<opcode="getelementptr(29) " fcode="getelementptr"/>
<opset="tmp_state_addr_2/4 "/>
</bind>
</comp>

<comp id="140" class="1004" name="tmp_state_addr_3_gep_fu_140">
<pin_list>
<pin id="141" dir="0" index="0" bw="8" slack="2147483647"/>
<pin id="142" dir="0" index="1" bw="1" slack="0"/>
<pin id="143" dir="0" index="2" bw="3" slack="0"/>
<pin id="144" dir="1" index="3" bw="4" slack="0"/>
</pin_list>
<bind>
<opcode="getelementptr(29) " fcode="getelementptr"/>
<opset="tmp_state_addr_3/4 "/>
</bind>
</comp>

<comp id="148" class="1004" name="state_addr_6_gep_fu_148">
<pin_list>
<pin id="149" dir="0" index="0" bw="8" slack="0"/>
<pin id="150" dir="0" index="1" bw="1" slack="0"/>
<pin id="151" dir="0" index="2" bw="5" slack="0"/>
<pin id="152" dir="1" index="3" bw="4" slack="0"/>
</pin_list>
<bind>
<opcode="getelementptr(29) " fcode="getelementptr"/>
<opset="state_addr_6/4 "/>
</bind>
</comp>

<comp id="157" class="1004" name="state_addr_7_gep_fu_157">
<pin_list>
<pin id="158" dir="0" index="0" bw="8" slack="0"/>
<pin id="159" dir="0" index="1" bw="1" slack="0"/>
<pin id="160" dir="0" index="2" bw="3" slack="0"/>
<pin id="161" dir="1" index="3" bw="4" slack="0"/>
</pin_list>
<bind>
<opcode="getelementptr(29) " fcode="getelementptr"/>
<opset="state_addr_7/4 "/>
</bind>
</comp>

<comp id="166" class="1004" name="tmp_state_addr_4_gep_fu_166">
<pin_list>
<pin id="167" dir="0" index="0" bw="8" slack="2147483647"/>
<pin id="168" dir="0" index="1" bw="1" slack="0"/>
<pin id="169" dir="0" index="2" bw="4" slack="0"/>
<pin id="170" dir="1" index="3" bw="4" slack="0"/>
</pin_list>
<bind>
<opcode="getelementptr(29) " fcode="getelementptr"/>
<opset="tmp_state_addr_4/5 "/>
</bind>
</comp>

<comp id="174" class="1004" name="tmp_state_addr_5_gep_fu_174">
<pin_list>
<pin id="175" dir="0" index="0" bw="8" slack="2147483647"/>
<pin id="176" dir="0" index="1" bw="1" slack="0"/>
<pin id="177" dir="0" index="2" bw="4" slack="0"/>
<pin id="178" dir="1" index="3" bw="4" slack="0"/>
</pin_list>
<bind>
<opcode="getelementptr(29) " fcode="getelementptr"/>
<opset="tmp_state_addr_5/5 "/>
</bind>
</comp>

<comp id="182" class="1004" name="state_addr_8_gep_fu_182">
<pin_list>
<pin id="183" dir="0" index="0" bw="8" slack="0"/>
<pin id="184" dir="0" index="1" bw="1" slack="0"/>
<pin id="185" dir="0" index="2" bw="5" slack="0"/>
<pin id="186" dir="1" index="3" bw="4" slack="0"/>
</pin_list>
<bind>
<opcode="getelementptr(29) " fcode="getelementptr"/>
<opset="state_addr_8/5 "/>
</bind>
</comp>

<comp id="191" class="1004" name="state_addr_9_gep_fu_191">
<pin_list>
<pin id="192" dir="0" index="0" bw="8" slack="0"/>
<pin id="193" dir="0" index="1" bw="1" slack="0"/>
<pin id="194" dir="0" index="2" bw="5" slack="0"/>
<pin id="195" dir="1" index="3" bw="4" slack="0"/>
</pin_list>
<bind>
<opcode="getelementptr(29) " fcode="getelementptr"/>
<opset="state_addr_9/5 "/>
</bind>
</comp>

<comp id="200" class="1004" name="tmp_state_addr_6_gep_fu_200">
<pin_list>
<pin id="201" dir="0" index="0" bw="8" slack="2147483647"/>
<pin id="202" dir="0" index="1" bw="1" slack="0"/>
<pin id="203" dir="0" index="2" bw="4" slack="0"/>
<pin id="204" dir="1" index="3" bw="4" slack="0"/>
</pin_list>
<bind>
<opcode="getelementptr(29) " fcode="getelementptr"/>
<opset="tmp_state_addr_6/6 "/>
</bind>
</comp>

<comp id="208" class="1004" name="tmp_state_addr_7_gep_fu_208">
<pin_list>
<pin id="209" dir="0" index="0" bw="8" slack="2147483647"/>
<pin id="210" dir="0" index="1" bw="1" slack="0"/>
<pin id="211" dir="0" index="2" bw="4" slack="0"/>
<pin id="212" dir="1" index="3" bw="4" slack="0"/>
</pin_list>
<bind>
<opcode="getelementptr(29) " fcode="getelementptr"/>
<opset="tmp_state_addr_7/6 "/>
</bind>
</comp>

<comp id="216" class="1004" name="state_addr_10_gep_fu_216">
<pin_list>
<pin id="217" dir="0" index="0" bw="8" slack="0"/>
<pin id="218" dir="0" index="1" bw="1" slack="0"/>
<pin id="219" dir="0" index="2" bw="3" slack="0"/>
<pin id="220" dir="1" index="3" bw="4" slack="0"/>
</pin_list>
<bind>
<opcode="getelementptr(29) " fcode="getelementptr"/>
<opset="state_addr_10/6 "/>
</bind>
</comp>

<comp id="225" class="1004" name="state_addr_11_gep_fu_225">
<pin_list>
<pin id="226" dir="0" index="0" bw="8" slack="0"/>
<pin id="227" dir="0" index="1" bw="1" slack="0"/>
<pin id="228" dir="0" index="2" bw="4" slack="0"/>
<pin id="229" dir="1" index="3" bw="4" slack="0"/>
</pin_list>
<bind>
<opcode="getelementptr(29) " fcode="getelementptr"/>
<opset="state_addr_11/6 "/>
</bind>
</comp>

<comp id="234" class="1004" name="tmp_state_addr_8_gep_fu_234">
<pin_list>
<pin id="235" dir="0" index="0" bw="8" slack="2147483647"/>
<pin id="236" dir="0" index="1" bw="1" slack="0"/>
<pin id="237" dir="0" index="2" bw="5" slack="0"/>
<pin id="238" dir="1" index="3" bw="4" slack="0"/>
</pin_list>
<bind>
<opcode="getelementptr(29) " fcode="getelementptr"/>
<opset="tmp_state_addr_8/7 "/>
</bind>
</comp>

<comp id="242" class="1004" name="tmp_state_addr_9_gep_fu_242">
<pin_list>
<pin id="243" dir="0" index="0" bw="8" slack="2147483647"/>
<pin id="244" dir="0" index="1" bw="1" slack="0"/>
<pin id="245" dir="0" index="2" bw="5" slack="0"/>
<pin id="246" dir="1" index="3" bw="4" slack="0"/>
</pin_list>
<bind>
<opcode="getelementptr(29) " fcode="getelementptr"/>
<opset="tmp_state_addr_9/7 "/>
</bind>
</comp>

<comp id="250" class="1004" name="state_addr_12_gep_fu_250">
<pin_list>
<pin id="251" dir="0" index="0" bw="8" slack="0"/>
<pin id="252" dir="0" index="1" bw="1" slack="0"/>
<pin id="253" dir="0" index="2" bw="5" slack="0"/>
<pin id="254" dir="1" index="3" bw="4" slack="0"/>
</pin_list>
<bind>
<opcode="getelementptr(29) " fcode="getelementptr"/>
<opset="state_addr_12/7 "/>
</bind>
</comp>

<comp id="259" class="1004" name="state_addr_13_gep_fu_259">
<pin_list>
<pin id="260" dir="0" index="0" bw="8" slack="0"/>
<pin id="261" dir="0" index="1" bw="1" slack="0"/>
<pin id="262" dir="0" index="2" bw="1" slack="0"/>
<pin id="263" dir="1" index="3" bw="4" slack="0"/>
</pin_list>
<bind>
<opcode="getelementptr(29) " fcode="getelementptr"/>
<opset="state_addr_13/7 "/>
</bind>
</comp>

<comp id="268" class="1004" name="tmp_state_addr_10_gep_fu_268">
<pin_list>
<pin id="269" dir="0" index="0" bw="8" slack="2147483647"/>
<pin id="270" dir="0" index="1" bw="1" slack="0"/>
<pin id="271" dir="0" index="2" bw="5" slack="0"/>
<pin id="272" dir="1" index="3" bw="4" slack="0"/>
</pin_list>
<bind>
<opcode="getelementptr(29) " fcode="getelementptr"/>
<opset="tmp_state_addr_10/8 "/>
</bind>
</comp>

<comp id="276" class="1004" name="tmp_state_addr_11_gep_fu_276">
<pin_list>
<pin id="277" dir="0" index="0" bw="8" slack="2147483647"/>
<pin id="278" dir="0" index="1" bw="1" slack="0"/>
<pin id="279" dir="0" index="2" bw="5" slack="0"/>
<pin id="280" dir="1" index="3" bw="4" slack="0"/>
</pin_list>
<bind>
<opcode="getelementptr(29) " fcode="getelementptr"/>
<opset="tmp_state_addr_11/8 "/>
</bind>
</comp>

<comp id="284" class="1004" name="state_addr_14_gep_fu_284">
<pin_list>
<pin id="285" dir="0" index="0" bw="8" slack="0"/>
<pin id="286" dir="0" index="1" bw="1" slack="0"/>
<pin id="287" dir="0" index="2" bw="4" slack="0"/>
<pin id="288" dir="1" index="3" bw="4" slack="0"/>
</pin_list>
<bind>
<opcode="getelementptr(29) " fcode="getelementptr"/>
<opset="state_addr_14/8 "/>
</bind>
</comp>

<comp id="293" class="1004" name="state_addr_15_gep_fu_293">
<pin_list>
<pin id="294" dir="0" index="0" bw="8" slack="0"/>
<pin id="295" dir="0" index="1" bw="1" slack="0"/>
<pin id="296" dir="0" index="2" bw="5" slack="0"/>
<pin id="297" dir="1" index="3" bw="4" slack="0"/>
</pin_list>
<bind>
<opcode="getelementptr(29) " fcode="getelementptr"/>
<opset="state_addr_15/8 "/>
</bind>
</comp>

<comp id="302" class="1004" name="tmp_state_addr_12_gep_fu_302">
<pin_list>
<pin id="303" dir="0" index="0" bw="8" slack="2147483647"/>
<pin id="304" dir="0" index="1" bw="1" slack="0"/>
<pin id="305" dir="0" index="2" bw="5" slack="0"/>
<pin id="306" dir="1" index="3" bw="4" slack="0"/>
</pin_list>
<bind>
<opcode="getelementptr(29) " fcode="getelementptr"/>
<opset="tmp_state_addr_12/9 "/>
</bind>
</comp>

<comp id="310" class="1004" name="tmp_state_addr_13_gep_fu_310">
<pin_list>
<pin id="311" dir="0" index="0" bw="8" slack="2147483647"/>
<pin id="312" dir="0" index="1" bw="1" slack="0"/>
<pin id="313" dir="0" index="2" bw="5" slack="0"/>
<pin id="314" dir="1" index="3" bw="4" slack="0"/>
</pin_list>
<bind>
<opcode="getelementptr(29) " fcode="getelementptr"/>
<opset="tmp_state_addr_13/9 "/>
</bind>
</comp>

<comp id="318" class="1004" name="tmp_state_addr_14_gep_fu_318">
<pin_list>
<pin id="319" dir="0" index="0" bw="8" slack="2147483647"/>
<pin id="320" dir="0" index="1" bw="1" slack="0"/>
<pin id="321" dir="0" index="2" bw="5" slack="0"/>
<pin id="322" dir="1" index="3" bw="4" slack="0"/>
</pin_list>
<bind>
<opcode="getelementptr(29) " fcode="getelementptr"/>
<opset="tmp_state_addr_14/10 "/>
</bind>
</comp>

<comp id="326" class="1004" name="tmp_state_addr_15_gep_fu_326">
<pin_list>
<pin id="327" dir="0" index="0" bw="8" slack="2147483647"/>
<pin id="328" dir="0" index="1" bw="1" slack="0"/>
<pin id="329" dir="0" index="2" bw="5" slack="0"/>
<pin id="330" dir="1" index="3" bw="4" slack="0"/>
</pin_list>
<bind>
<opcode="getelementptr(29) " fcode="getelementptr"/>
<opset="tmp_state_addr_15/10 "/>
</bind>
</comp>

<comp id="334" class="1004" name="tmp_state_addr_16_gep_fu_334">
<pin_list>
<pin id="335" dir="0" index="0" bw="8" slack="2147483647"/>
<pin id="336" dir="0" index="1" bw="1" slack="0"/>
<pin id="337" dir="0" index="2" bw="5" slack="0"/>
<pin id="338" dir="1" index="3" bw="4" slack="0"/>
</pin_list>
<bind>
<opcode="getelementptr(29) " fcode="getelementptr"/>
<opset="tmp_state_addr_16/11 "/>
</bind>
</comp>

<comp id="341" class="1004" name="state_addr_16_gep_fu_341">
<pin_list>
<pin id="342" dir="0" index="0" bw="8" slack="0"/>
<pin id="343" dir="0" index="1" bw="1" slack="0"/>
<pin id="344" dir="0" index="2" bw="5" slack="2"/>
<pin id="345" dir="1" index="3" bw="4" slack="0"/>
</pin_list>
<bind>
<opcode="getelementptr(29) " fcode="getelementptr"/>
<opset="state_addr_16/13 "/>
</bind>
</comp>

<comp id="349" class="1005" name="i_reg_349">
<pin_list>
<pin id="350" dir="0" index="0" bw="5" slack="1"/>
<pin id="351" dir="1" index="1" bw="5" slack="1"/>
</pin_list>
<bind>
<opset="i (phireg) "/>
</bind>
</comp>

<comp id="353" class="1004" name="i_phi_fu_353">
<pin_list>
<pin id="354" dir="0" index="0" bw="1" slack="1"/>
<pin id="355" dir="0" index="1" bw="0" slack="2147483647"/>
<pin id="356" dir="0" index="2" bw="5" slack="0"/>
<pin id="357" dir="0" index="3" bw="0" slack="2147483647"/>
<pin id="358" dir="1" index="4" bw="5" slack="0"/>
</pin_list>
<bind>
<opcode="phi(47) " fcode="phi"/>
<opset="i/11 "/>
</bind>
</comp>

<comp id="360" class="1005" name="reg_360">
<pin_list>
<pin id="361" dir="0" index="0" bw="8" slack="1"/>
<pin id="362" dir="1" index="1" bw="8" slack="1"/>
</pin_list>
<bind>
<opset="state_load state_load_2 state_load_4 state_load_6 state_load_8 state_load_10 state_load_12 state_load_14 "/>
</bind>
</comp>

<comp id="365" class="1005" name="reg_365">
<pin_list>
<pin id="366" dir="0" index="0" bw="8" slack="1"/>
<pin id="367" dir="1" index="1" bw="8" slack="1"/>
</pin_list>
<bind>
<opset="state_load_1 state_load_3 state_load_5 state_load_7 state_load_9 state_load_11 state_load_13 state_load_15 "/>
</bind>
</comp>

<comp id="370" class="1004" name="exitcond_fu_370">
<pin_list>
<pin id="371" dir="0" index="0" bw="5" slack="0"/>
<pin id="372" dir="0" index="1" bw="5" slack="0"/>
<pin id="373" dir="1" index="2" bw="1" slack="2147483647"/>
</pin_list>
<bind>
<opcode="icmp(45) " fcode="icmp"/>
<opset="exitcond/11 "/>
</bind>
</comp>

<comp id="376" class="1004" name="i_1_fu_376">
<pin_list>
<pin id="377" dir="0" index="0" bw="5" slack="0"/>
<pin id="378" dir="0" index="1" bw="1" slack="0"/>
<pin id="379" dir="1" index="2" bw="5" slack="0"/>
</pin_list>
<bind>
<opcode="add(8) " fcode="add"/>
<opset="i_1/11 "/>
</bind>
</comp>

<comp id="382" class="1004" name="tmp_fu_382">
<pin_list>
<pin id="383" dir="0" index="0" bw="5" slack="0"/>
<pin id="384" dir="1" index="1" bw="64" slack="0"/>
</pin_list>
<bind>
<opcode="zext(34) " fcode="zext"/>
<opset="tmp/11 "/>
</bind>
</comp>

<comp id="387" class="1005" name="state_addr_reg_387">
<pin_list>
<pin id="388" dir="0" index="0" bw="4" slack="1"/>
<pin id="389" dir="1" index="1" bw="4" slack="1"/>
</pin_list>
<bind>
<opset="state_addr "/>
</bind>
</comp>

<comp id="392" class="1005" name="state_addr_1_reg_392">
<pin_list>
<pin id="393" dir="0" index="0" bw="4" slack="1"/>
<pin id="394" dir="1" index="1" bw="4" slack="1"/>
</pin_list>
<bind>
<opset="state_addr_1 "/>
</bind>
</comp>

<comp id="397" class="1005" name="state_addr_2_reg_397">
<pin_list>
<pin id="398" dir="0" index="0" bw="4" slack="1"/>
<pin id="399" dir="1" index="1" bw="4" slack="1"/>
</pin_list>
<bind>
<opset="state_addr_2 "/>
</bind>
</comp>

<comp id="402" class="1005" name="state_addr_3_reg_402">
<pin_list>
<pin id="403" dir="0" index="0" bw="4" slack="1"/>
<pin id="404" dir="1" index="1" bw="4" slack="1"/>
</pin_list>
<bind>
<opset="state_addr_3 "/>
</bind>
</comp>

<comp id="407" class="1005" name="state_addr_4_reg_407">
<pin_list>
<pin id="408" dir="0" index="0" bw="4" slack="1"/>
<pin id="409" dir="1" index="1" bw="4" slack="1"/>
</pin_list>
<bind>
<opset="state_addr_4 "/>
</bind>
</comp>

<comp id="412" class="1005" name="state_addr_5_reg_412">
<pin_list>
<pin id="413" dir="0" index="0" bw="4" slack="1"/>
<pin id="414" dir="1" index="1" bw="4" slack="1"/>
</pin_list>
<bind>
<opset="state_addr_5 "/>
</bind>
</comp>

<comp id="417" class="1005" name="state_addr_6_reg_417">
<pin_list>
<pin id="418" dir="0" index="0" bw="4" slack="1"/>
<pin id="419" dir="1" index="1" bw="4" slack="1"/>
</pin_list>
<bind>
<opset="state_addr_6 "/>
</bind>
</comp>

<comp id="422" class="1005" name="state_addr_7_reg_422">
<pin_list>
<pin id="423" dir="0" index="0" bw="4" slack="1"/>
<pin id="424" dir="1" index="1" bw="4" slack="1"/>
</pin_list>
<bind>
<opset="state_addr_7 "/>
</bind>
</comp>

<comp id="427" class="1005" name="state_addr_8_reg_427">
<pin_list>
<pin id="428" dir="0" index="0" bw="4" slack="1"/>
<pin id="429" dir="1" index="1" bw="4" slack="1"/>
</pin_list>
<bind>
<opset="state_addr_8 "/>
</bind>
</comp>

<comp id="432" class="1005" name="state_addr_9_reg_432">
<pin_list>
<pin id="433" dir="0" index="0" bw="4" slack="1"/>
<pin id="434" dir="1" index="1" bw="4" slack="1"/>
</pin_list>
<bind>
<opset="state_addr_9 "/>
</bind>
</comp>

<comp id="437" class="1005" name="state_addr_10_reg_437">
<pin_list>
<pin id="438" dir="0" index="0" bw="4" slack="1"/>
<pin id="439" dir="1" index="1" bw="4" slack="1"/>
</pin_list>
<bind>
<opset="state_addr_10 "/>
</bind>
</comp>

<comp id="442" class="1005" name="state_addr_11_reg_442">
<pin_list>
<pin id="443" dir="0" index="0" bw="4" slack="1"/>
<pin id="444" dir="1" index="1" bw="4" slack="1"/>
</pin_list>
<bind>
<opset="state_addr_11 "/>
</bind>
</comp>

<comp id="447" class="1005" name="state_addr_12_reg_447">
<pin_list>
<pin id="448" dir="0" index="0" bw="4" slack="1"/>
<pin id="449" dir="1" index="1" bw="4" slack="1"/>
</pin_list>
<bind>
<opset="state_addr_12 "/>
</bind>
</comp>

<comp id="452" class="1005" name="state_addr_13_reg_452">
<pin_list>
<pin id="453" dir="0" index="0" bw="4" slack="1"/>
<pin id="454" dir="1" index="1" bw="4" slack="1"/>
</pin_list>
<bind>
<opset="state_addr_13 "/>
</bind>
</comp>

<comp id="457" class="1005" name="state_addr_14_reg_457">
<pin_list>
<pin id="458" dir="0" index="0" bw="4" slack="1"/>
<pin id="459" dir="1" index="1" bw="4" slack="1"/>
</pin_list>
<bind>
<opset="state_addr_14 "/>
</bind>
</comp>

<comp id="462" class="1005" name="state_addr_15_reg_462">
<pin_list>
<pin id="463" dir="0" index="0" bw="4" slack="1"/>
<pin id="464" dir="1" index="1" bw="4" slack="1"/>
</pin_list>
<bind>
<opset="state_addr_15 "/>
</bind>
</comp>

<comp id="470" class="1005" name="i_1_reg_470">
<pin_list>
<pin id="471" dir="0" index="0" bw="5" slack="0"/>
<pin id="472" dir="1" index="1" bw="5" slack="0"/>
</pin_list>
<bind>
<opset="i_1 "/>
</bind>
</comp>

<comp id="475" class="1005" name="tmp_reg_475">
<pin_list>
<pin id="476" dir="0" index="0" bw="64" slack="2"/>
<pin id="477" dir="1" index="1" bw="64" slack="2"/>
</pin_list>
<bind>
<opset="tmp "/>
</bind>
</comp>

<comp id="480" class="1005" name="tmp_state_addr_16_reg_480">
<pin_list>
<pin id="481" dir="0" index="0" bw="4" slack="1"/>
<pin id="482" dir="1" index="1" bw="4" slack="1"/>
</pin_list>
<bind>
<opset="tmp_state_addr_16 "/>
</bind>
</comp>

<comp id="485" class="1005" name="tmp_state_load_reg_485">
<pin_list>
<pin id="486" dir="0" index="0" bw="8" slack="1"/>
<pin id="487" dir="1" index="1" bw="8" slack="1"/>
</pin_list>
<bind>
<opset="tmp_state_load "/>
</bind>
</comp>

</comp_list>

<net_list>
<net id="47"><net_src comp="4" pin="0"/><net_sink comp="44" pin=0"/></net>

<net id="53"><net_src comp="0" pin="0"/><net_sink comp="48" pin=0"/></net>

<net id="54"><net_src comp="2" pin="0"/><net_sink comp="48" pin=1"/></net>

<net id="55"><net_src comp="2" pin="0"/><net_sink comp="48" pin=2"/></net>

<net id="60"><net_src comp="48" pin="3"/><net_sink comp="56" pin=0"/></net>

<net id="66"><net_src comp="0" pin="0"/><net_sink comp="61" pin=0"/></net>

<net id="67"><net_src comp="2" pin="0"/><net_sink comp="61" pin=1"/></net>

<net id="68"><net_src comp="6" pin="0"/><net_sink comp="61" pin=2"/></net>

<net id="72"><net_src comp="61" pin="3"/><net_sink comp="56" pin=3"/></net>

<net id="78"><net_src comp="0" pin="0"/><net_sink comp="73" pin=0"/></net>

<net id="79"><net_src comp="2" pin="0"/><net_sink comp="73" pin=1"/></net>

<net id="80"><net_src comp="8" pin="0"/><net_sink comp="73" pin=2"/></net>

<net id="81"><net_src comp="73" pin="3"/><net_sink comp="56" pin=0"/></net>

<net id="87"><net_src comp="0" pin="0"/><net_sink comp="82" pin=0"/></net>

<net id="88"><net_src comp="2" pin="0"/><net_sink comp="82" pin=1"/></net>

<net id="89"><net_src comp="10" pin="0"/><net_sink comp="82" pin=2"/></net>

<net id="90"><net_src comp="82" pin="3"/><net_sink comp="56" pin=3"/></net>

<net id="96"><net_src comp="2" pin="0"/><net_sink comp="91" pin=1"/></net>

<net id="97"><net_src comp="2" pin="0"/><net_sink comp="91" pin=2"/></net>

<net id="102"><net_src comp="91" pin="3"/><net_sink comp="98" pin=0"/></net>

<net id="108"><net_src comp="2" pin="0"/><net_sink comp="103" pin=1"/></net>

<net id="109"><net_src comp="4" pin="0"/><net_sink comp="103" pin=2"/></net>

<net id="113"><net_src comp="103" pin="3"/><net_sink comp="98" pin=3"/></net>

<net id="119"><net_src comp="0" pin="0"/><net_sink comp="114" pin=0"/></net>

<net id="120"><net_src comp="2" pin="0"/><net_sink comp="114" pin=1"/></net>

<net id="121"><net_src comp="12" pin="0"/><net_sink comp="114" pin=2"/></net>

<net id="122"><net_src comp="114" pin="3"/><net_sink comp="56" pin=0"/></net>

<net id="128"><net_src comp="0" pin="0"/><net_sink comp="123" pin=0"/></net>

<net id="129"><net_src comp="2" pin="0"/><net_sink comp="123" pin=1"/></net>

<net id="130"><net_src comp="14" pin="0"/><net_sink comp="123" pin=2"/></net>

<net id="131"><net_src comp="123" pin="3"/><net_sink comp="56" pin=3"/></net>

<net id="137"><net_src comp="2" pin="0"/><net_sink comp="132" pin=1"/></net>

<net id="138"><net_src comp="16" pin="0"/><net_sink comp="132" pin=2"/></net>

<net id="139"><net_src comp="132" pin="3"/><net_sink comp="98" pin=0"/></net>

<net id="145"><net_src comp="2" pin="0"/><net_sink comp="140" pin=1"/></net>

<net id="146"><net_src comp="18" pin="0"/><net_sink comp="140" pin=2"/></net>

<net id="147"><net_src comp="140" pin="3"/><net_sink comp="98" pin=3"/></net>

<net id="153"><net_src comp="0" pin="0"/><net_sink comp="148" pin=0"/></net>

<net id="154"><net_src comp="2" pin="0"/><net_sink comp="148" pin=1"/></net>

<net id="155"><net_src comp="20" pin="0"/><net_sink comp="148" pin=2"/></net>

<net id="156"><net_src comp="148" pin="3"/><net_sink comp="56" pin=0"/></net>

<net id="162"><net_src comp="0" pin="0"/><net_sink comp="157" pin=0"/></net>

<net id="163"><net_src comp="2" pin="0"/><net_sink comp="157" pin=1"/></net>

<net id="164"><net_src comp="18" pin="0"/><net_sink comp="157" pin=2"/></net>

<net id="165"><net_src comp="157" pin="3"/><net_sink comp="56" pin=3"/></net>

<net id="171"><net_src comp="2" pin="0"/><net_sink comp="166" pin=1"/></net>

<net id="172"><net_src comp="12" pin="0"/><net_sink comp="166" pin=2"/></net>

<net id="173"><net_src comp="166" pin="3"/><net_sink comp="98" pin=0"/></net>

<net id="179"><net_src comp="2" pin="0"/><net_sink comp="174" pin=1"/></net>

<net id="180"><net_src comp="6" pin="0"/><net_sink comp="174" pin=2"/></net>

<net id="181"><net_src comp="174" pin="3"/><net_sink comp="98" pin=3"/></net>

<net id="187"><net_src comp="0" pin="0"/><net_sink comp="182" pin=0"/></net>

<net id="188"><net_src comp="2" pin="0"/><net_sink comp="182" pin=1"/></net>

<net id="189"><net_src comp="22" pin="0"/><net_sink comp="182" pin=2"/></net>

<net id="190"><net_src comp="182" pin="3"/><net_sink comp="56" pin=0"/></net>

<net id="196"><net_src comp="0" pin="0"/><net_sink comp="191" pin=0"/></net>

<net id="197"><net_src comp="2" pin="0"/><net_sink comp="191" pin=1"/></net>

<net id="198"><net_src comp="24" pin="0"/><net_sink comp="191" pin=2"/></net>

<net id="199"><net_src comp="191" pin="3"/><net_sink comp="56" pin=3"/></net>

<net id="205"><net_src comp="2" pin="0"/><net_sink comp="200" pin=1"/></net>

<net id="206"><net_src comp="26" pin="0"/><net_sink comp="200" pin=2"/></net>

<net id="207"><net_src comp="200" pin="3"/><net_sink comp="98" pin=0"/></net>

<net id="213"><net_src comp="2" pin="0"/><net_sink comp="208" pin=1"/></net>

<net id="214"><net_src comp="28" pin="0"/><net_sink comp="208" pin=2"/></net>

<net id="215"><net_src comp="208" pin="3"/><net_sink comp="98" pin=3"/></net>

<net id="221"><net_src comp="0" pin="0"/><net_sink comp="216" pin=0"/></net>

<net id="222"><net_src comp="2" pin="0"/><net_sink comp="216" pin=1"/></net>

<net id="223"><net_src comp="16" pin="0"/><net_sink comp="216" pin=2"/></net>

<net id="224"><net_src comp="216" pin="3"/><net_sink comp="56" pin=0"/></net>

<net id="230"><net_src comp="0" pin="0"/><net_sink comp="225" pin=0"/></net>

<net id="231"><net_src comp="2" pin="0"/><net_sink comp="225" pin=1"/></net>

<net id="232"><net_src comp="28" pin="0"/><net_sink comp="225" pin=2"/></net>

<net id="233"><net_src comp="225" pin="3"/><net_sink comp="56" pin=3"/></net>

<net id="239"><net_src comp="2" pin="0"/><net_sink comp="234" pin=1"/></net>

<net id="240"><net_src comp="22" pin="0"/><net_sink comp="234" pin=2"/></net>

<net id="241"><net_src comp="234" pin="3"/><net_sink comp="98" pin=0"/></net>

<net id="247"><net_src comp="2" pin="0"/><net_sink comp="242" pin=1"/></net>

<net id="248"><net_src comp="14" pin="0"/><net_sink comp="242" pin=2"/></net>

<net id="249"><net_src comp="242" pin="3"/><net_sink comp="98" pin=3"/></net>

<net id="255"><net_src comp="0" pin="0"/><net_sink comp="250" pin=0"/></net>

<net id="256"><net_src comp="2" pin="0"/><net_sink comp="250" pin=1"/></net>

<net id="257"><net_src comp="30" pin="0"/><net_sink comp="250" pin=2"/></net>

<net id="258"><net_src comp="250" pin="3"/><net_sink comp="56" pin=0"/></net>

<net id="264"><net_src comp="0" pin="0"/><net_sink comp="259" pin=0"/></net>

<net id="265"><net_src comp="2" pin="0"/><net_sink comp="259" pin=1"/></net>

<net id="266"><net_src comp="4" pin="0"/><net_sink comp="259" pin=2"/></net>

<net id="267"><net_src comp="259" pin="3"/><net_sink comp="56" pin=3"/></net>

<net id="273"><net_src comp="2" pin="0"/><net_sink comp="268" pin=1"/></net>

<net id="274"><net_src comp="8" pin="0"/><net_sink comp="268" pin=2"/></net>

<net id="275"><net_src comp="268" pin="3"/><net_sink comp="98" pin=0"/></net>

<net id="281"><net_src comp="2" pin="0"/><net_sink comp="276" pin=1"/></net>

<net id="282"><net_src comp="32" pin="0"/><net_sink comp="276" pin=2"/></net>

<net id="283"><net_src comp="276" pin="3"/><net_sink comp="98" pin=3"/></net>

<net id="289"><net_src comp="0" pin="0"/><net_sink comp="284" pin=0"/></net>

<net id="290"><net_src comp="2" pin="0"/><net_sink comp="284" pin=1"/></net>

<net id="291"><net_src comp="26" pin="0"/><net_sink comp="284" pin=2"/></net>

<net id="292"><net_src comp="284" pin="3"/><net_sink comp="56" pin=0"/></net>

<net id="298"><net_src comp="0" pin="0"/><net_sink comp="293" pin=0"/></net>

<net id="299"><net_src comp="2" pin="0"/><net_sink comp="293" pin=1"/></net>

<net id="300"><net_src comp="32" pin="0"/><net_sink comp="293" pin=2"/></net>

<net id="301"><net_src comp="293" pin="3"/><net_sink comp="56" pin=3"/></net>

<net id="307"><net_src comp="2" pin="0"/><net_sink comp="302" pin=1"/></net>

<net id="308"><net_src comp="30" pin="0"/><net_sink comp="302" pin=2"/></net>

<net id="309"><net_src comp="302" pin="3"/><net_sink comp="98" pin=0"/></net>

<net id="315"><net_src comp="2" pin="0"/><net_sink comp="310" pin=1"/></net>

<net id="316"><net_src comp="24" pin="0"/><net_sink comp="310" pin=2"/></net>

<net id="317"><net_src comp="310" pin="3"/><net_sink comp="98" pin=3"/></net>

<net id="323"><net_src comp="2" pin="0"/><net_sink comp="318" pin=1"/></net>

<net id="324"><net_src comp="20" pin="0"/><net_sink comp="318" pin=2"/></net>

<net id="325"><net_src comp="318" pin="3"/><net_sink comp="98" pin=0"/></net>

<net id="331"><net_src comp="2" pin="0"/><net_sink comp="326" pin=1"/></net>

<net id="332"><net_src comp="10" pin="0"/><net_sink comp="326" pin=2"/></net>

<net id="333"><net_src comp="326" pin="3"/><net_sink comp="98" pin=3"/></net>

<net id="339"><net_src comp="2" pin="0"/><net_sink comp="334" pin=1"/></net>

<net id="340"><net_src comp="334" pin="3"/><net_sink comp="98" pin=0"/></net>

<net id="346"><net_src comp="0" pin="0"/><net_sink comp="341" pin=0"/></net>

<net id="347"><net_src comp="2" pin="0"/><net_sink comp="341" pin=1"/></net>

<net id="348"><net_src comp="341" pin="3"/><net_sink comp="56" pin=0"/></net>

<net id="352"><net_src comp="34" pin="0"/><net_sink comp="349" pin=0"/></net>

<net id="359"><net_src comp="349" pin="1"/><net_sink comp="353" pin=0"/></net>

<net id="363"><net_src comp="56" pin="2"/><net_sink comp="360" pin=0"/></net>

<net id="364"><net_src comp="360" pin="1"/><net_sink comp="98" pin=1"/></net>

<net id="368"><net_src comp="56" pin="5"/><net_sink comp="365" pin=0"/></net>

<net id="369"><net_src comp="365" pin="1"/><net_sink comp="98" pin=4"/></net>

<net id="374"><net_src comp="353" pin="4"/><net_sink comp="370" pin=0"/></net>

<net id="375"><net_src comp="36" pin="0"/><net_sink comp="370" pin=1"/></net>

<net id="380"><net_src comp="353" pin="4"/><net_sink comp="376" pin=0"/></net>

<net id="381"><net_src comp="42" pin="0"/><net_sink comp="376" pin=1"/></net>

<net id="385"><net_src comp="353" pin="4"/><net_sink comp="382" pin=0"/></net>

<net id="386"><net_src comp="382" pin="1"/><net_sink comp="334" pin=2"/></net>

<net id="390"><net_src comp="48" pin="3"/><net_sink comp="387" pin=0"/></net>

<net id="391"><net_src comp="387" pin="1"/><net_sink comp="56" pin=0"/></net>

<net id="395"><net_src comp="61" pin="3"/><net_sink comp="392" pin=0"/></net>

<net id="396"><net_src comp="392" pin="1"/><net_sink comp="56" pin=3"/></net>

<net id="400"><net_src comp="73" pin="3"/><net_sink comp="397" pin=0"/></net>

<net id="401"><net_src comp="397" pin="1"/><net_sink comp="56" pin=0"/></net>

<net id="405"><net_src comp="82" pin="3"/><net_sink comp="402" pin=0"/></net>

<net id="406"><net_src comp="402" pin="1"/><net_sink comp="56" pin=3"/></net>

<net id="410"><net_src comp="114" pin="3"/><net_sink comp="407" pin=0"/></net>

<net id="411"><net_src comp="407" pin="1"/><net_sink comp="56" pin=0"/></net>

<net id="415"><net_src comp="123" pin="3"/><net_sink comp="412" pin=0"/></net>

<net id="416"><net_src comp="412" pin="1"/><net_sink comp="56" pin=3"/></net>

<net id="420"><net_src comp="148" pin="3"/><net_sink comp="417" pin=0"/></net>

<net id="421"><net_src comp="417" pin="1"/><net_sink comp="56" pin=0"/></net>

<net id="425"><net_src comp="157" pin="3"/><net_sink comp="422" pin=0"/></net>

<net id="426"><net_src comp="422" pin="1"/><net_sink comp="56" pin=3"/></net>

<net id="430"><net_src comp="182" pin="3"/><net_sink comp="427" pin=0"/></net>

<net id="431"><net_src comp="427" pin="1"/><net_sink comp="56" pin=0"/></net>

<net id="435"><net_src comp="191" pin="3"/><net_sink comp="432" pin=0"/></net>

<net id="436"><net_src comp="432" pin="1"/><net_sink comp="56" pin=3"/></net>

<net id="440"><net_src comp="216" pin="3"/><net_sink comp="437" pin=0"/></net>

<net id="441"><net_src comp="437" pin="1"/><net_sink comp="56" pin=0"/></net>

<net id="445"><net_src comp="225" pin="3"/><net_sink comp="442" pin=0"/></net>

<net id="446"><net_src comp="442" pin="1"/><net_sink comp="56" pin=3"/></net>

<net id="450"><net_src comp="250" pin="3"/><net_sink comp="447" pin=0"/></net>

<net id="451"><net_src comp="447" pin="1"/><net_sink comp="56" pin=0"/></net>

<net id="455"><net_src comp="259" pin="3"/><net_sink comp="452" pin=0"/></net>

<net id="456"><net_src comp="452" pin="1"/><net_sink comp="56" pin=3"/></net>

<net id="460"><net_src comp="284" pin="3"/><net_sink comp="457" pin=0"/></net>

<net id="461"><net_src comp="457" pin="1"/><net_sink comp="56" pin=0"/></net>

<net id="465"><net_src comp="293" pin="3"/><net_sink comp="462" pin=0"/></net>

<net id="466"><net_src comp="462" pin="1"/><net_sink comp="56" pin=3"/></net>

<net id="473"><net_src comp="376" pin="2"/><net_sink comp="470" pin=0"/></net>

<net id="474"><net_src comp="470" pin="1"/><net_sink comp="353" pin=2"/></net>

<net id="478"><net_src comp="382" pin="1"/><net_sink comp="475" pin=0"/></net>

<net id="479"><net_src comp="475" pin="1"/><net_sink comp="341" pin=2"/></net>

<net id="483"><net_src comp="334" pin="3"/><net_sink comp="480" pin=0"/></net>

<net id="484"><net_src comp="480" pin="1"/><net_sink comp="98" pin=0"/></net>

<net id="488"><net_src comp="98" pin="2"/><net_sink comp="485" pin=0"/></net>

<net id="489"><net_src comp="485" pin="1"/><net_sink comp="56" pin=1"/></net>

</net_list>

</model> 
---------------- Datapath Model END ------------------

* FSMD analyzer results:
  - Output states:
	Port: state | {13 }
 - Input state : 
	Port: AES_Encrypt_ShiftRows : state | {1 2 3 4 5 6 7 8 9 }
  - Chain level:
	State 1
		state_load : 1
		state_load_1 : 1
	State 2
		state_load_2 : 1
		state_load_3 : 1
	State 3
		stg_26 : 1
		stg_28 : 1
		state_load_4 : 1
		state_load_5 : 1
	State 4
		stg_36 : 1
		stg_38 : 1
		state_load_6 : 1
		state_load_7 : 1
	State 5
		stg_46 : 1
		stg_48 : 1
		state_load_8 : 1
		state_load_9 : 1
	State 6
		stg_56 : 1
		stg_58 : 1
		state_load_10 : 1
		state_load_11 : 1
	State 7
		stg_66 : 1
		stg_68 : 1
		state_load_12 : 1
		state_load_13 : 1
	State 8
		stg_76 : 1
		stg_78 : 1
		state_load_14 : 1
		state_load_15 : 1
	State 9
		stg_86 : 1
		stg_88 : 1
	State 10
		stg_92 : 1
		stg_94 : 1
	State 11
		exitcond : 1
		i_1 : 1
		stg_100 : 2
		tmp : 1
		tmp_state_addr_16 : 2
		tmp_state_load : 3
	State 12
	State 13
		stg_107 : 1


============================================================
+ Verbose Summary: Datapath Resource usage 
============================================================

* Functional unit list:
|----------|-----------------|---------|---------|
| Operation| Functional Unit |    FF   |   LUT   |
|----------|-----------------|---------|---------|
|    add   |    i_1_fu_376   |    0    |    5    |
|----------|-----------------|---------|---------|
|   icmp   | exitcond_fu_370 |    0    |    2    |
|----------|-----------------|---------|---------|
|   zext   |    tmp_fu_382   |    0    |    0    |
|----------|-----------------|---------|---------|
|   Total  |                 |    0    |    7    |
|----------|-----------------|---------|---------|

Memories:
+---------+--------+--------+--------+
|         |  BRAM  |   FF   |   LUT  |
+---------+--------+--------+--------+
|tmp_state|    1   |    0   |    0   |
+---------+--------+--------+--------+
|  Total  |    1   |    0   |    0   |
+---------+--------+--------+--------+

* Register list:
+-------------------------+--------+
|                         |   FF   |
+-------------------------+--------+
|       i_1_reg_470       |    5   |
|        i_reg_349        |    5   |
|         reg_360         |    8   |
|         reg_365         |    8   |
|  state_addr_10_reg_437  |    4   |
|  state_addr_11_reg_442  |    4   |
|  state_addr_12_reg_447  |    4   |
|  state_addr_13_reg_452  |    4   |
|  state_addr_14_reg_457  |    4   |
|  state_addr_15_reg_462  |    4   |
|   state_addr_1_reg_392  |    4   |
|   state_addr_2_reg_397  |    4   |
|   state_addr_3_reg_402  |    4   |
|   state_addr_4_reg_407  |    4   |
|   state_addr_5_reg_412  |    4   |
|   state_addr_6_reg_417  |    4   |
|   state_addr_7_reg_422  |    4   |
|   state_addr_8_reg_427  |    4   |
|   state_addr_9_reg_432  |    4   |
|    state_addr_reg_387   |    4   |
|       tmp_reg_475       |   64   |
|tmp_state_addr_16_reg_480|    4   |
|  tmp_state_load_reg_485 |    8   |
+-------------------------+--------+
|          Total          |   166  |
+-------------------------+--------+

* Multiplexer (MUX) list: 
|------------------|------|------|------|--------||---------||---------|
|       Comp       |  Pin | Size |  BW  | S x BW ||  Delay  ||   LUT   |
|------------------|------|------|------|--------||---------||---------|
| grp_access_fu_56 |  p0  |  17  |   4  |   68   ||    20   |
| grp_access_fu_56 |  p3  |  16  |   4  |   64   ||    20   |
| grp_access_fu_98 |  p0  |  10  |   4  |   40   ||    8    |
| grp_access_fu_98 |  p3  |   8  |   4  |   32   ||    8    |
|------------------|------|------|------|--------||---------||---------|
|       Total      |      |      |      |   204  ||  7.718  ||    56   |
|------------------|------|------|------|--------||---------||---------|



* Summary:
+-----------+--------+--------+--------+--------+
|           |  BRAM  |  Delay |   FF   |   LUT  |
+-----------+--------+--------+--------+--------+
|  Function |    -   |    -   |    0   |    7   |
|   Memory  |    1   |    -   |    0   |    0   |
|Multiplexer|    -   |    7   |    -   |   56   |
|  Register |    -   |    -   |   166  |    -   |
+-----------+--------+--------+--------+--------+
|   Total   |    1   |    7   |   166  |   63   |
+-----------+--------+--------+--------+--------+
